# JRE version: Java(TM) SE Runtime Environment (7.0_71-b14) (build 1.7.0_71-b14)
# Java VM: Java HotSpot(TM) 64-Bit Server VM (24.71-b01 mixed mode bsd-amd64 compressed oops)
Heap
 PSYoungGen      total 302592K, used 167953K [0x00000007eaa80000, 0x0000000800000000, 0x0000000800000000)
  eden space 275968K, 51% used [0x00000007eaa80000,0x00000007f3484fc0,0x00000007fb800000)
  from space 26624K, 99% used [0x00000007fe600000,0x00000007fffff4c8,0x0000000800000000)
  to   space 36864K, 0% used [0x00000007fb800000,0x00000007fb800000,0x00000007fdc00000)
 ParOldGen       total 87040K, used 62035K [0x00000007c0000000, 0x00000007c5500000, 0x00000007eaa80000)
  object space 87040K, 71% used [0x00000007c0000000,0x00000007c3c94d78,0x00000007c5500000)
 PSPermGen       total 86528K, used 60527K [0x00000007b0000000, 0x00000007b5480000, 0x00000007c0000000)
  object space 86528K, 69% used [0x00000007b0000000,0x00000007b3b1bcc8,0x00000007b5480000)
GC Heap History (10 events):
Event: 20.014 GC heap before
{Heap before GC invocations=9 (full 0):
 PSYoungGen      total 276992K, used 276976K [0x00000007eaa80000, 0x00000007fca80000, 0x0000000800000000)
  eden space 266752K, 100% used [0x00000007eaa80000,0x00000007faf00000,0x00000007faf00000)
  from space 10240K, 99% used [0x00000007fbb80000,0x00000007fc57c020,0x00000007fc580000)
  to   space 12800K, 0% used [0x00000007faf00000,0x00000007faf00000,0x00000007fbb80000)
 ParOldGen       total 87040K, used 14562K [0x00000007c0000000, 0x00000007c5500000, 0x00000007eaa80000)
  object space 87040K, 16% used [0x00000007c0000000,0x00000007c0e388d8,0x00000007c5500000)
 PSPermGen       total 41984K, used 41962K [0x00000007b0000000, 0x00000007b2900000, 0x00000007c0000000)
  object space 41984K, 99% used [0x00000007b0000000,0x00000007b28fabf8,0x00000007b2900000)
Event: 20.098 GC heap after
Heap after GC invocations=9 (full 0):
 PSYoungGen      total 279552K, used 12800K [0x00000007eaa80000, 0x0000000800000000, 0x0000000800000000)
  eden space 266752K, 0% used [0x00000007eaa80000,0x00000007eaa80000,0x00000007faf00000)
  from space 12800K, 100% used [0x00000007faf00000,0x00000007fbb80000,0x00000007fbb80000)
  to   space 25088K, 0% used [0x00000007fe780000,0x00000007fe780000,0x0000000800000000)
 ParOldGen       total 87040K, used 41463K [0x00000007c0000000, 0x00000007c5500000, 0x00000007eaa80000)
  object space 87040K, 47% used [0x00000007c0000000,0x00000007c287de18,0x00000007c5500000)
 PSPermGen       total 41984K, used 41962K [0x00000007b0000000, 0x00000007b2900000, 0x00000007c0000000)
  object space 41984K, 99% used [0x00000007b0000000,0x00000007b28fabf8,0x00000007b2900000)
}
Event: 20.560 GC heap before
{Heap before GC invocations=10 (full 0):
 PSYoungGen      total 279552K, used 36778K [0x00000007eaa80000, 0x0000000800000000, 0x0000000800000000)
  eden space 266752K, 8% used [0x00000007eaa80000,0x00000007ec1ea880,0x00000007faf00000)
  from space 12800K, 100% used [0x00000007faf00000,0x00000007fbb80000,0x00000007fbb80000)
  to   space 25088K, 0% used [0x00000007fe780000,0x00000007fe780000,0x0000000800000000)
 ParOldGen       total 87040K, used 41463K [0x00000007c0000000, 0x00000007c5500000, 0x00000007eaa80000)
  object space 87040K, 47% used [0x00000007c0000000,0x00000007c287de18,0x00000007c5500000)
 PSPermGen       total 43520K, used 43134K [0x00000007b0000000, 0x00000007b2a80000, 0x00000007c0000000)
  object space 43520K, 99% used [0x00000007b0000000,0x00000007b2a1fb80,0x00000007b2a80000)
Event: 20.593 GC heap after
Heap after GC invocations=10 (full 0):
 PSYoungGen      total 325120K, used 13413K [0x00000007eaa80000, 0x0000000800000000, 0x0000000800000000)
  eden space 300032K, 0% used [0x00000007eaa80000,0x00000007eaa80000,0x00000007fcf80000)
  from space 25088K, 53% used [0x00000007fe780000,0x00000007ff499778,0x0000000800000000)
  to   space 24576K, 0% used [0x00000007fcf80000,0x00000007fcf80000,0x00000007fe780000)
 ParOldGen       total 87040K, used 43467K [0x00000007c0000000, 0x00000007c5500000, 0x00000007eaa80000)
  object space 87040K, 49% used [0x00000007c0000000,0x00000007c2a72ea8,0x00000007c5500000)
 PSPermGen       total 43520K, used 43134K [0x00000007b0000000, 0x00000007b2a80000, 0x00000007c0000000)
  object space 43520K, 99% used [0x00000007b0000000,0x00000007b2a1fb80,0x00000007b2a80000)
}
Event: 20.593 GC heap before
{Heap before GC invocations=11 (full 1):
 PSYoungGen      total 325120K, used 13413K [0x00000007eaa80000, 0x0000000800000000, 0x0000000800000000)
  eden space 300032K, 0% used [0x00000007eaa80000,0x00000007eaa80000,0x00000007fcf80000)
  from space 25088K, 53% used [0x00000007fe780000,0x00000007ff499778,0x0000000800000000)
  to   space 24576K, 0% used [0x00000007fcf80000,0x00000007fcf80000,0x00000007fe780000)
 ParOldGen       total 87040K, used 43467K [0x00000007c0000000, 0x00000007c5500000, 0x00000007eaa80000)
  object space 87040K, 49% used [0x00000007c0000000,0x00000007c2a72ea8,0x00000007c5500000)
 PSPermGen       total 43520K, used 43134K [0x00000007b0000000, 0x00000007b2a80000, 0x00000007c0000000)
  object space 43520K, 99% used [0x00000007b0000000,0x00000007b2a1fb80,0x00000007b2a80000)
Event: 21.087 GC heap after
Heap after GC invocations=11 (full 1):
 PSYoungGen      total 325120K, used 0K [0x00000007eaa80000, 0x0000000800000000, 0x0000000800000000)
  eden space 300032K, 0% used [0x00000007eaa80000,0x00000007eaa80000,0x00000007fcf80000)
  from space 25088K, 0% used [0x00000007fe780000,0x00000007fe780000,0x0000000800000000)
  to   space 24576K, 0% used [0x00000007fcf80000,0x00000007fcf80000,0x00000007fe780000)
 ParOldGen       total 87040K, used 46093K [0x00000007c0000000, 0x00000007c5500000, 0x00000007eaa80000)
  object space 87040K, 52% used [0x00000007c0000000,0x00000007c2d03518,0x00000007c5500000)
 PSPermGen       total 86528K, used 43042K [0x00000007b0000000, 0x00000007b5480000, 0x00000007c0000000)
  object space 86528K, 49% used [0x00000007b0000000,0x00000007b2a08980,0x00000007b5480000)
}
Event: 107.517 GC heap before
{Heap before GC invocations=12 (full 1):
 PSYoungGen      total 325120K, used 300032K [0x00000007eaa80000, 0x0000000800000000, 0x0000000800000000)
  eden space 300032K, 100% used [0x00000007eaa80000,0x00000007fcf80000,0x00000007fcf80000)
  from space 25088K, 0% used [0x00000007fe780000,0x00000007fe780000,0x0000000800000000)
  to   space 24576K, 0% used [0x00000007fcf80000,0x00000007fcf80000,0x00000007fe780000)
 ParOldGen       total 87040K, used 46093K [0x00000007c0000000, 0x00000007c5500000, 0x00000007eaa80000)
  object space 87040K, 52% used [0x00000007c0000000,0x00000007c2d03518,0x00000007c5500000)
 PSPermGen       total 86528K, used 51182K [0x00000007b0000000, 0x00000007b5480000, 0x00000007c0000000)
  object space 86528K, 59% used [0x00000007b0000000,0x00000007b31fba38,0x00000007b5480000)
Event: 107.562 GC heap after
Heap after GC invocations=12 (full 1):
 PSYoungGen      total 321024K, used 20773K [0x00000007eaa80000, 0x0000000800000000, 0x0000000800000000)
  eden space 300032K, 0% used [0x00000007eaa80000,0x00000007eaa80000,0x00000007fcf80000)
  from space 20992K, 98% used [0x00000007fcf80000,0x00000007fe3c97a8,0x00000007fe400000)
  to   space 26624K, 0% used [0x00000007fe600000,0x00000007fe600000,0x0000000800000000)
 ParOldGen       total 87040K, used 46093K [0x00000007c0000000, 0x00000007c5500000, 0x00000007eaa80000)
  object space 87040K, 52% used [0x00000007c0000000,0x00000007c2d03518,0x00000007c5500000)
 PSPermGen       total 86528K, used 51182K [0x00000007b0000000, 0x00000007b5480000, 0x00000007c0000000)
  object space 86528K, 59% used [0x00000007b0000000,0x00000007b31fba38,0x00000007b5480000)
}
Event: 111.499 GC heap before
{Heap before GC invocations=13 (full 1):
 PSYoungGen      total 321024K, used 320805K [0x00000007eaa80000, 0x0000000800000000, 0x0000000800000000)
  eden space 300032K, 100% used [0x00000007eaa80000,0x00000007fcf80000,0x00000007fcf80000)
  from space 20992K, 98% used [0x00000007fcf80000,0x00000007fe3c97a8,0x00000007fe400000)
  to   space 26624K, 0% used [0x00000007fe600000,0x00000007fe600000,0x0000000800000000)
 ParOldGen       total 87040K, used 46093K [0x00000007c0000000, 0x00000007c5500000, 0x00000007eaa80000)
  object space 87040K, 52% used [0x00000007c0000000,0x00000007c2d03518,0x00000007c5500000)
 PSPermGen       total 86528K, used 58783K [0x00000007b0000000, 0x00000007b5480000, 0x00000007c0000000)
  object space 86528K, 67% used [0x00000007b0000000,0x00000007b3967eb0,0x00000007b5480000)
Event: 111.561 GC heap after
Heap after GC invocations=13 (full 1):
 PSYoungGen      total 302592K, used 26621K [0x00000007eaa80000, 0x0000000800000000, 0x0000000800000000)
  eden space 275968K, 0% used [0x00000007eaa80000,0x00000007eaa80000,0x00000007fb800000)
  from space 26624K, 99% used [0x00000007fe600000,0x00000007fffff4c8,0x0000000800000000)
  to   space 36864K, 0% used [0x00000007fb800000,0x00000007fb800000,0x00000007fdc00000)
 ParOldGen       total 87040K, used 62035K [0x00000007c0000000, 0x00000007c5500000, 0x00000007eaa80000)
  object space 87040K, 71% used [0x00000007c0000000,0x00000007c3c94d78,0x00000007c5500000)
 PSPermGen       total 86528K, used 58783K [0x00000007b0000000, 0x00000007b5480000, 0x00000007c0000000)
  object space 86528K, 67% used [0x00000007b0000000,0x00000007b3967eb0,0x00000007b5480000)
}

